13:33:54.069   DEBUG: Attempting to read config from /etc/please/plzconfig...
13:33:54.069   DEBUG: Attempting to read config from /etc/xdg/xdg-pop/plzconfig...
13:33:54.069   DEBUG: Attempting to read config from /etc/xdg/plzconfig...
13:33:54.069   DEBUG: Attempting to read config from /home/huntermellema/.config/please/plzconfig...
13:33:54.069   DEBUG: Attempting to read config from /home/huntermellema/Dropbox/tutorials/smithy_quickstart/.plzconfig...
13:33:54.069   DEBUG: Read config from /home/huntermellema/Dropbox/tutorials/smithy_quickstart/.plzconfig
13:33:54.069   DEBUG: Attempting to read config from /home/huntermellema/Dropbox/tutorials/smithy_quickstart/.plzconfig_linux_amd64...
13:33:54.069   DEBUG: Attempting to read config from /home/huntermellema/Dropbox/tutorials/smithy_quickstart/.plzconfig.local...
13:33:54.070   DEBUG: Attempting to acquire lock plz-out/.lock...
13:33:54.070   DEBUG: Acquired lock plz-out/.lock
13:33:54.070   DEBUG: Loading built-in build rules...
13:33:54.082    INFO: Total cache size: 3.1 MB
13:33:54.097   DEBUG: Parser initialised
13:33:54.098   DEBUG: Original target scan complete
13:33:54.100   DEBUG: Registering subrepo pleasings in package //:all
13:33:54.100   DEBUG: Building //:smithy_config...
13:33:54.100   DEBUG: Not rebuilding //:_pleasings#download, nothing's changed
13:33:54.100   DEBUG: Building //:gradlew...
13:33:54.102   DEBUG: Not rebuilding //:weather, nothing's changed
13:33:54.113   DEBUG: Not rebuilding //:pleasings, nothing's changed
13:33:54.113    INFO: Shutting down cache workers...
13:33:54.113   DEBUG: Shut down all cache workers
